# JRE version: Java(TM) SE Runtime Environment (19.0.2+7) (build 19.0.2+7-44)
# Java VM: Java HotSpot(TM) 64-Bit Server VM (19.0.2+7-44, mixed mode, sharing, tiered, compressed oops, compressed class ptrs, g1 gc, windows-amd64)
GC Precious Log:
 CardTable entry size: 512
 Card Set container configuration: InlinePtr #cards 5 size 8 Array Of Cards #cards 12 size 40 Howl #buckets 4 coarsen threshold 1843 Howl Bitmap #cards 512 size 80 coarsen threshold 460 Card regions per heap region 1 cards per card region 2048
 CPUs: 4 total, 4 available
 Memory: 3911M
 Large Page Support: Disabled
 NUMA Support: Disabled
 Compressed Oops: Enabled (32-bit)
 Heap Region Size: 1M
 Heap Min Capacity: 8M
 Heap Initial Capacity: 62M
 Heap Max Capacity: 2G
 Pre-touch: Disabled
 Parallel Workers: 4
 Concurrent Workers: 1
 Concurrent Refinement Workers: 4
 Periodic GC: Disabled
Heap:
 garbage-first heap   total 84992K, used 39384K [0x0000000080000000, 0x0000000100000000)
  region size 1024K, 12 young (12288K), 5 survivors (5120K)
 Metaspace       used 34067K, committed 35264K, reserved 1114112K
  class space    used 4728K, committed 5376K, reserved 1048576K
GC Heap History (20 events):
Event: 1.511 GC heap before
{Heap before GC invocations=1 (full 0):
 garbage-first heap   total 63488K, used 22415K [0x0000000080000000, 0x0000000100000000)
  region size 1024K, 17 young (17408K), 2 survivors (2048K)
 Metaspace       used 3889K, committed 4096K, reserved 1114112K
  class space    used 469K, committed 576K, reserved 1048576K
}
Event: 1.520 GC heap after
{Heap after GC invocations=2 (full 0):
 garbage-first heap   total 63488K, used 10527K [0x0000000080000000, 0x0000000100000000)
  region size 1024K, 3 young (3072K), 3 survivors (3072K)
 Metaspace       used 3889K, committed 4096K, reserved 1114112K
  class space    used 469K, committed 576K, reserved 1048576K
}
Event: 1.923 GC heap before
{Heap before GC invocations=2 (full 0):
 garbage-first heap   total 63488K, used 27935K [0x0000000080000000, 0x0000000100000000)
  region size 1024K, 21 young (21504K), 3 survivors (3072K)
 Metaspace       used 3965K, committed 4160K, reserved 1114112K
  class space    used 469K, committed 576K, reserved 1048576K
}
Event: 1.929 GC heap after
{Heap after GC invocations=3 (full 0):
 garbage-first heap   total 63488K, used 11615K [0x0000000080000000, 0x0000000100000000)
  region size 1024K, 1 young (1024K), 1 survivors (1024K)
 Metaspace       used 3965K, committed 4160K, reserved 1114112K
  class space    used 469K, committed 576K, reserved 1048576K
}
Event: 3.822 GC heap before
{Heap before GC invocations=3 (full 0):
 garbage-first heap   total 63488K, used 44383K [0x0000000080000000, 0x0000000100000000)
  region size 1024K, 32 young (32768K), 1 survivors (1024K)
 Metaspace       used 10648K, committed 10944K, reserved 1114112K
  class space    used 1391K, committed 1536K, reserved 1048576K
}
Event: 3.832 GC heap after
{Heap after GC invocations=4 (full 0):
 garbage-first heap   total 63488K, used 18288K [0x0000000080000000, 0x0000000100000000)
  region size 1024K, 4 young (4096K), 4 survivors (4096K)
 Metaspace       used 10648K, committed 10944K, reserved 1114112K
  class space    used 1391K, committed 1536K, reserved 1048576K
}
Event: 4.757 GC heap before
{Heap before GC invocations=4 (full 0):
 garbage-first heap   total 63488K, used 41840K [0x0000000080000000, 0x0000000100000000)
  region size 1024K, 28 young (28672K), 4 survivors (4096K)
 Metaspace       used 15522K, committed 16000K, reserved 1114112K
  class space    used 2123K, committed 2368K, reserved 1048576K
}
Event: 4.764 GC heap after
{Heap after GC invocations=5 (full 0):
 garbage-first heap   total 63488K, used 20608K [0x0000000080000000, 0x0000000100000000)
  region size 1024K, 2 young (2048K), 2 survivors (2048K)
 Metaspace       used 15522K, committed 16000K, reserved 1114112K
  class space    used 2123K, committed 2368K, reserved 1048576K
}
Event: 5.615 GC heap before
{Heap before GC invocations=5 (full 0):
 garbage-first heap   total 63488K, used 44160K [0x0000000080000000, 0x0000000100000000)
  region size 1024K, 25 young (25600K), 2 survivors (2048K)
 Metaspace       used 19193K, committed 19776K, reserved 1114112K
  class space    used 2730K, committed 3008K, reserved 1048576K
}
Event: 5.622 GC heap after
{Heap after GC invocations=6 (full 0):
 garbage-first heap   total 63488K, used 22385K [0x0000000080000000, 0x0000000100000000)
  region size 1024K, 4 young (4096K), 4 survivors (4096K)
 Metaspace       used 19193K, committed 19776K, reserved 1114112K
  class space    used 2730K, committed 3008K, reserved 1048576K
}
Event: 5.986 GC heap before
{Heap before GC invocations=6 (full 0):
 garbage-first heap   total 63488K, used 31601K [0x0000000080000000, 0x0000000100000000)
  region size 1024K, 14 young (14336K), 4 survivors (4096K)
 Metaspace       used 20836K, committed 21504K, reserved 1114112K
  class space    used 2997K, committed 3328K, reserved 1048576K
}
Event: 5.995 GC heap after
{Heap after GC invocations=7 (full 0):
 garbage-first heap   total 63488K, used 22994K [0x0000000080000000, 0x0000000100000000)
  region size 1024K, 3 young (3072K), 3 survivors (3072K)
 Metaspace       used 20836K, committed 21504K, reserved 1114112K
  class space    used 2997K, committed 3328K, reserved 1048576K
}
Event: 6.907 GC heap before
{Heap before GC invocations=8 (full 0):
 garbage-first heap   total 63488K, used 47570K [0x0000000080000000, 0x0000000100000000)
  region size 1024K, 27 young (27648K), 3 survivors (3072K)
 Metaspace       used 24014K, committed 24960K, reserved 1114112K
  class space    used 3520K, committed 3968K, reserved 1048576K
}
Event: 6.914 GC heap after
{Heap after GC invocations=9 (full 0):
 garbage-first heap   total 63488K, used 24576K [0x0000000080000000, 0x0000000100000000)
  region size 1024K, 2 young (2048K), 2 survivors (2048K)
 Metaspace       used 24014K, committed 24960K, reserved 1114112K
  class space    used 3520K, committed 3968K, reserved 1048576K
}
Event: 6.964 GC heap before
{Heap before GC invocations=9 (full 0):
 garbage-first heap   total 63488K, used 25600K [0x0000000080000000, 0x0000000100000000)
  region size 1024K, 3 young (3072K), 2 survivors (2048K)
 Metaspace       used 24180K, committed 25152K, reserved 1114112K
  class space    used 3547K, committed 4032K, reserved 1048576K
}
Event: 6.970 GC heap after
{Heap after GC invocations=10 (full 0):
 garbage-first heap   total 63488K, used 24602K [0x0000000080000000, 0x0000000100000000)
  region size 1024K, 1 young (1024K), 1 survivors (1024K)
 Metaspace       used 24180K, committed 25152K, reserved 1114112K
  class space    used 3547K, committed 4032K, reserved 1048576K
}
Event: 8.395 GC heap before
{Heap before GC invocations=10 (full 0):
 garbage-first heap   total 63488K, used 47130K [0x0000000080000000, 0x0000000100000000)
  region size 1024K, 24 young (24576K), 1 survivors (1024K)
 Metaspace       used 28188K, committed 29312K, reserved 1114112K
  class space    used 4140K, committed 4736K, reserved 1048576K
}
Event: 8.402 GC heap after
{Heap after GC invocations=11 (full 0):
 garbage-first heap   total 84992K, used 25659K [0x0000000080000000, 0x0000000100000000)
  region size 1024K, 2 young (2048K), 2 survivors (2048K)
 Metaspace       used 28188K, committed 29312K, reserved 1114112K
  class space    used 4140K, committed 4736K, reserved 1048576K
}
Event: 9.839 GC heap before
{Heap before GC invocations=11 (full 0):
 garbage-first heap   total 84992K, used 61499K [0x0000000080000000, 0x0000000100000000)
  region size 1024K, 38 young (38912K), 2 survivors (2048K)
 Metaspace       used 33705K, committed 34880K, reserved 1114112K
  class space    used 4684K, committed 5312K, reserved 1048576K
}
Event: 9.847 GC heap after
{Heap after GC invocations=12 (full 0):
 garbage-first heap   total 84992K, used 30168K [0x0000000080000000, 0x0000000100000000)
  region size 1024K, 5 young (5120K), 5 survivors (5120K)
 Metaspace       used 33705K, committed 34880K, reserved 1114112K
  class space    used 4684K, committed 5312K, reserved 1048576K
}

