# JRE version: OpenJDK Runtime Environment Temurin-17.0.7+7 (17.0.7+7) (build 17.0.7+7)
# Java VM: OpenJDK 64-Bit Server VM Temurin-17.0.7+7 (17.0.7+7, mixed mode, tiered, compressed oops, compressed class ptrs, parallel gc, windows-amd64)
GC Precious Log:
 CPUs: 4 total, 4 available
 Memory: 3911M
 Large Page Support: Disabled
 NUMA Support: Disabled
 Compressed Oops: Enabled (32-bit)
 Alignments: Space 512K, Generation 512K, Heap 2M
 Heap Min Capacity: 100M
 Heap Initial Capacity: 100M
 Heap Max Capacity: 1G
 Pre-touch: Disabled
 Parallel Workers: 4
Heap:
 PSYoungGen      total 21504K, used 2972K [0x00000000eab00000, 0x00000000ec700000, 0x0000000100000000)
  eden space 20480K, 10% used [0x00000000eab00000,0x00000000ead2f008,0x00000000ebf00000)
  from space 1024K, 71% used [0x00000000ec600000,0x00000000ec6b8000,0x00000000ec700000)
  to   space 1024K, 0% used [0x00000000ec500000,0x00000000ec500000,0x00000000ec600000)
 ParOldGen       total 68608K, used 44186K [0x00000000c0000000, 0x00000000c4300000, 0x00000000eab00000)
  object space 68608K, 64% used [0x00000000c0000000,0x00000000c2b26a88,0x00000000c4300000)
 Metaspace       used 58311K, committed 59200K, reserved 1114112K
  class space    used 6854K, committed 7232K, reserved 1048576K
GC Heap History (20 events):
Event: 14.873 GC heap before
{Heap before GC invocations=19 (full 2):
 PSYoungGen      total 21504K, used 21472K [0x00000000eab00000, 0x00000000ec980000, 0x0000000100000000)
  eden space 20480K, 100% used [0x00000000eab00000,0x00000000ebf00000,0x00000000ebf00000)
  from space 1024K, 96% used [0x00000000ec380000,0x00000000ec478020,0x00000000ec480000)
  to   space 4608K, 0% used [0x00000000ebf00000,0x00000000ebf00000,0x00000000ec380000)
 ParOldGen       total 68608K, used 22388K [0x00000000c0000000, 0x00000000c4300000, 0x00000000eab00000)
  object space 68608K, 32% used [0x00000000c0000000,0x00000000c15dd208,0x00000000c4300000)
 Metaspace       used 48978K, committed 49856K, reserved 1114112K
  class space    used 5377K, committed 5760K, reserved 1048576K
}
Event: 14.878 GC heap after
{Heap after GC invocations=19 (full 2):
 PSYoungGen      total 22528K, used 1760K [0x00000000eab00000, 0x00000000ec500000, 0x0000000100000000)
  eden space 20480K, 0% used [0x00000000eab00000,0x00000000eab00000,0x00000000ebf00000)
  from space 2048K, 85% used [0x00000000ebf00000,0x00000000ec0b8000,0x00000000ec100000)
  to   space 3072K, 0% used [0x00000000ec200000,0x00000000ec200000,0x00000000ec500000)
 ParOldGen       total 68608K, used 23404K [0x00000000c0000000, 0x00000000c4300000, 0x00000000eab00000)
  object space 68608K, 34% used [0x00000000c0000000,0x00000000c16db228,0x00000000c4300000)
 Metaspace       used 48978K, committed 49856K, reserved 1114112K
  class space    used 5377K, committed 5760K, reserved 1048576K
}
Event: 14.971 GC heap before
{Heap before GC invocations=20 (full 2):
 PSYoungGen      total 22528K, used 22240K [0x00000000eab00000, 0x00000000ec500000, 0x0000000100000000)
  eden space 20480K, 100% used [0x00000000eab00000,0x00000000ebf00000,0x00000000ebf00000)
  from space 2048K, 85% used [0x00000000ebf00000,0x00000000ec0b8000,0x00000000ec100000)
  to   space 3072K, 0% used [0x00000000ec200000,0x00000000ec200000,0x00000000ec500000)
 ParOldGen       total 68608K, used 23404K [0x00000000c0000000, 0x00000000c4300000, 0x00000000eab00000)
  object space 68608K, 34% used [0x00000000c0000000,0x00000000c16db228,0x00000000c4300000)
 Metaspace       used 48984K, committed 49856K, reserved 1114112K
  class space    used 5377K, committed 5760K, reserved 1048576K
}
Event: 14.977 GC heap after
{Heap after GC invocations=20 (full 2):
 PSYoungGen      total 22528K, used 1888K [0x00000000eab00000, 0x00000000ec400000, 0x0000000100000000)
  eden space 20480K, 0% used [0x00000000eab00000,0x00000000eab00000,0x00000000ebf00000)
  from space 2048K, 92% used [0x00000000ec200000,0x00000000ec3d8000,0x00000000ec400000)
  to   space 2048K, 0% used [0x00000000ebf00000,0x00000000ebf00000,0x00000000ec100000)
 ParOldGen       total 68608K, used 25132K [0x00000000c0000000, 0x00000000c4300000, 0x00000000eab00000)
  object space 68608K, 36% used [0x00000000c0000000,0x00000000c188b228,0x00000000c4300000)
 Metaspace       used 48984K, committed 49856K, reserved 1114112K
  class space    used 5377K, committed 5760K, reserved 1048576K
}
Event: 15.058 GC heap before
{Heap before GC invocations=21 (full 2):
 PSYoungGen      total 22528K, used 22368K [0x00000000eab00000, 0x00000000ec400000, 0x0000000100000000)
  eden space 20480K, 100% used [0x00000000eab00000,0x00000000ebf00000,0x00000000ebf00000)
  from space 2048K, 92% used [0x00000000ec200000,0x00000000ec3d8000,0x00000000ec400000)
  to   space 2048K, 0% used [0x00000000ebf00000,0x00000000ebf00000,0x00000000ec100000)
 ParOldGen       total 68608K, used 25132K [0x00000000c0000000, 0x00000000c4300000, 0x00000000eab00000)
  object space 68608K, 36% used [0x00000000c0000000,0x00000000c188b228,0x00000000c4300000)
 Metaspace       used 48984K, committed 49856K, reserved 1114112K
  class space    used 5377K, committed 5760K, reserved 1048576K
}
Event: 15.065 GC heap after
{Heap after GC invocations=21 (full 2):
 PSYoungGen      total 22528K, used 1984K [0x00000000eab00000, 0x00000000ec300000, 0x0000000100000000)
  eden space 20480K, 0% used [0x00000000eab00000,0x00000000eab00000,0x00000000ebf00000)
  from space 2048K, 96% used [0x00000000ebf00000,0x00000000ec0f0010,0x00000000ec100000)
  to   space 2048K, 0% used [0x00000000ec100000,0x00000000ec100000,0x00000000ec300000)
 ParOldGen       total 68608K, used 26980K [0x00000000c0000000, 0x00000000c4300000, 0x00000000eab00000)
  object space 68608K, 39% used [0x00000000c0000000,0x00000000c1a59228,0x00000000c4300000)
 Metaspace       used 48984K, committed 49856K, reserved 1114112K
  class space    used 5377K, committed 5760K, reserved 1048576K
}
Event: 15.701 GC heap before
{Heap before GC invocations=22 (full 2):
 PSYoungGen      total 22528K, used 22464K [0x00000000eab00000, 0x00000000ec300000, 0x0000000100000000)
  eden space 20480K, 100% used [0x00000000eab00000,0x00000000ebf00000,0x00000000ebf00000)
  from space 2048K, 96% used [0x00000000ebf00000,0x00000000ec0f0010,0x00000000ec100000)
  to   space 2048K, 0% used [0x00000000ec100000,0x00000000ec100000,0x00000000ec300000)
 ParOldGen       total 68608K, used 26980K [0x00000000c0000000, 0x00000000c4300000, 0x00000000eab00000)
  object space 68608K, 39% used [0x00000000c0000000,0x00000000c1a59228,0x00000000c4300000)
 Metaspace       used 49367K, committed 50240K, reserved 1114112K
  class space    used 5401K, committed 5760K, reserved 1048576K
}
Event: 15.707 GC heap after
{Heap after GC invocations=22 (full 2):
 PSYoungGen      total 22528K, used 1920K [0x00000000eab00000, 0x00000000ec300000, 0x0000000100000000)
  eden space 20480K, 0% used [0x00000000eab00000,0x00000000eab00000,0x00000000ebf00000)
  from space 2048K, 93% used [0x00000000ec100000,0x00000000ec2e0000,0x00000000ec300000)
  to   space 2048K, 0% used [0x00000000ebf00000,0x00000000ebf00000,0x00000000ec100000)
 ParOldGen       total 68608K, used 28940K [0x00000000c0000000, 0x00000000c4300000, 0x00000000eab00000)
  object space 68608K, 42% used [0x00000000c0000000,0x00000000c1c43238,0x00000000c4300000)
 Metaspace       used 49367K, committed 50240K, reserved 1114112K
  class space    used 5401K, committed 5760K, reserved 1048576K
}
Event: 16.298 GC heap before
{Heap before GC invocations=23 (full 2):
 PSYoungGen      total 22528K, used 22400K [0x00000000eab00000, 0x00000000ec300000, 0x0000000100000000)
  eden space 20480K, 100% used [0x00000000eab00000,0x00000000ebf00000,0x00000000ebf00000)
  from space 2048K, 93% used [0x00000000ec100000,0x00000000ec2e0000,0x00000000ec300000)
  to   space 2048K, 0% used [0x00000000ebf00000,0x00000000ebf00000,0x00000000ec100000)
 ParOldGen       total 68608K, used 28940K [0x00000000c0000000, 0x00000000c4300000, 0x00000000eab00000)
  object space 68608K, 42% used [0x00000000c0000000,0x00000000c1c43238,0x00000000c4300000)
 Metaspace       used 50742K, committed 51584K, reserved 1114112K
  class space    used 5643K, committed 6016K, reserved 1048576K
}
Event: 16.307 GC heap after
{Heap after GC invocations=23 (full 2):
 PSYoungGen      total 22528K, used 2018K [0x00000000eab00000, 0x00000000ed500000, 0x0000000100000000)
  eden space 20480K, 0% used [0x00000000eab00000,0x00000000eab00000,0x00000000ebf00000)
  from space 2048K, 98% used [0x00000000ebf00000,0x00000000ec0f8ab0,0x00000000ec100000)
  to   space 11264K, 0% used [0x00000000eca00000,0x00000000eca00000,0x00000000ed500000)
 ParOldGen       total 68608K, used 36483K [0x00000000c0000000, 0x00000000c4300000, 0x00000000eab00000)
  object space 68608K, 53% used [0x00000000c0000000,0x00000000c23a0eb0,0x00000000c4300000)
 Metaspace       used 50742K, committed 51584K, reserved 1114112K
  class space    used 5643K, committed 6016K, reserved 1048576K
}
Event: 16.821 GC heap before
{Heap before GC invocations=24 (full 2):
 PSYoungGen      total 22528K, used 22498K [0x00000000eab00000, 0x00000000ed500000, 0x0000000100000000)
  eden space 20480K, 100% used [0x00000000eab00000,0x00000000ebf00000,0x00000000ebf00000)
  from space 2048K, 98% used [0x00000000ebf00000,0x00000000ec0f8ab0,0x00000000ec100000)
  to   space 11264K, 0% used [0x00000000eca00000,0x00000000eca00000,0x00000000ed500000)
 ParOldGen       total 68608K, used 36483K [0x00000000c0000000, 0x00000000c4300000, 0x00000000eab00000)
  object space 68608K, 53% used [0x00000000c0000000,0x00000000c23a0eb0,0x00000000c4300000)
 Metaspace       used 52466K, committed 53376K, reserved 1114112K
  class space    used 5933K, committed 6336K, reserved 1048576K
}
Event: 16.824 GC heap after
{Heap after GC invocations=24 (full 2):
 PSYoungGen      total 21504K, used 672K [0x00000000eab00000, 0x00000000ecb00000, 0x0000000100000000)
  eden space 20480K, 0% used [0x00000000eab00000,0x00000000eab00000,0x00000000ebf00000)
  from space 1024K, 65% used [0x00000000eca00000,0x00000000ecaa8000,0x00000000ecb00000)
  to   space 4096K, 0% used [0x00000000ec300000,0x00000000ec300000,0x00000000ec700000)
 ParOldGen       total 68608K, used 38493K [0x00000000c0000000, 0x00000000c4300000, 0x00000000eab00000)
  object space 68608K, 56% used [0x00000000c0000000,0x00000000c2597650,0x00000000c4300000)
 Metaspace       used 52466K, committed 53376K, reserved 1114112K
  class space    used 5933K, committed 6336K, reserved 1048576K
}
Event: 17.420 GC heap before
{Heap before GC invocations=25 (full 2):
 PSYoungGen      total 21504K, used 21152K [0x00000000eab00000, 0x00000000ecb00000, 0x0000000100000000)
  eden space 20480K, 100% used [0x00000000eab00000,0x00000000ebf00000,0x00000000ebf00000)
  from space 1024K, 65% used [0x00000000eca00000,0x00000000ecaa8000,0x00000000ecb00000)
  to   space 4096K, 0% used [0x00000000ec300000,0x00000000ec300000,0x00000000ec700000)
 ParOldGen       total 68608K, used 38493K [0x00000000c0000000, 0x00000000c4300000, 0x00000000eab00000)
  object space 68608K, 56% used [0x00000000c0000000,0x00000000c2597650,0x00000000c4300000)
 Metaspace       used 52490K, committed 53440K, reserved 1114112K
  class space    used 5933K, committed 6336K, reserved 1048576K
}
Event: 17.423 GC heap after
{Heap after GC invocations=25 (full 2):
 PSYoungGen      total 24576K, used 2127K [0x00000000eab00000, 0x00000000eca80000, 0x0000000100000000)
  eden space 20480K, 0% used [0x00000000eab00000,0x00000000eab00000,0x00000000ebf00000)
  from space 4096K, 51% used [0x00000000ec300000,0x00000000ec513c80,0x00000000ec700000)
  to   space 2560K, 0% used [0x00000000ec800000,0x00000000ec800000,0x00000000eca80000)
 ParOldGen       total 68608K, used 39078K [0x00000000c0000000, 0x00000000c4300000, 0x00000000eab00000)
  object space 68608K, 56% used [0x00000000c0000000,0x00000000c26299f0,0x00000000c4300000)
 Metaspace       used 52490K, committed 53440K, reserved 1114112K
  class space    used 5933K, committed 6336K, reserved 1048576K
}
Event: 17.822 GC heap before
{Heap before GC invocations=26 (full 2):
 PSYoungGen      total 24576K, used 22607K [0x00000000eab00000, 0x00000000eca80000, 0x0000000100000000)
  eden space 20480K, 100% used [0x00000000eab00000,0x00000000ebf00000,0x00000000ebf00000)
  from space 4096K, 51% used [0x00000000ec300000,0x00000000ec513c80,0x00000000ec700000)
  to   space 2560K, 0% used [0x00000000ec800000,0x00000000ec800000,0x00000000eca80000)
 ParOldGen       total 68608K, used 39078K [0x00000000c0000000, 0x00000000c4300000, 0x00000000eab00000)
  object space 68608K, 56% used [0x00000000c0000000,0x00000000c26299f0,0x00000000c4300000)
 Metaspace       used 53324K, committed 54208K, reserved 1114112K
  class space    used 6107K, committed 6464K, reserved 1048576K
}
Event: 17.829 GC heap after
{Heap after GC invocations=26 (full 2):
 PSYoungGen      total 23040K, used 2550K [0x00000000eab00000, 0x00000000eca80000, 0x0000000100000000)
  eden space 20480K, 0% used [0x00000000eab00000,0x00000000eab00000,0x00000000ebf00000)
  from space 2560K, 99% used [0x00000000ec800000,0x00000000eca7d870,0x00000000eca80000)
  to   space 5632K, 0% used [0x00000000ebf80000,0x00000000ebf80000,0x00000000ec500000)
 ParOldGen       total 68608K, used 41189K [0x00000000c0000000, 0x00000000c4300000, 0x00000000eab00000)
  object space 68608K, 60% used [0x00000000c0000000,0x00000000c2839760,0x00000000c4300000)
 Metaspace       used 53324K, committed 54208K, reserved 1114112K
  class space    used 6107K, committed 6464K, reserved 1048576K
}
Event: 18.240 GC heap before
{Heap before GC invocations=27 (full 2):
 PSYoungGen      total 23040K, used 23030K [0x00000000eab00000, 0x00000000eca80000, 0x0000000100000000)
  eden space 20480K, 100% used [0x00000000eab00000,0x00000000ebf00000,0x00000000ebf00000)
  from space 2560K, 99% used [0x00000000ec800000,0x00000000eca7d870,0x00000000eca80000)
  to   space 5632K, 0% used [0x00000000ebf80000,0x00000000ebf80000,0x00000000ec500000)
 ParOldGen       total 68608K, used 41189K [0x00000000c0000000, 0x00000000c4300000, 0x00000000eab00000)
  object space 68608K, 60% used [0x00000000c0000000,0x00000000c2839760,0x00000000c4300000)
 Metaspace       used 55597K, committed 56512K, reserved 1114112K
  class space    used 6497K, committed 6912K, reserved 1048576K
}
Event: 18.244 GC heap after
{Heap after GC invocations=27 (full 2):
 PSYoungGen      total 26112K, used 576K [0x00000000eab00000, 0x00000000ec880000, 0x0000000100000000)
  eden space 20480K, 0% used [0x00000000eab00000,0x00000000eab00000,0x00000000ebf00000)
  from space 5632K, 10% used [0x00000000ebf80000,0x00000000ec010000,0x00000000ec500000)
  to   space 2560K, 0% used [0x00000000ec600000,0x00000000ec600000,0x00000000ec880000)
 ParOldGen       total 68608K, used 43682K [0x00000000c0000000, 0x00000000c4300000, 0x00000000eab00000)
  object space 68608K, 63% used [0x00000000c0000000,0x00000000c2aa8a78,0x00000000c4300000)
 Metaspace       used 55597K, committed 56512K, reserved 1114112K
  class space    used 6497K, committed 6912K, reserved 1048576K
}
Event: 24.027 GC heap before
{Heap before GC invocations=28 (full 2):
 PSYoungGen      total 26112K, used 21056K [0x00000000eab00000, 0x00000000ec880000, 0x0000000100000000)
  eden space 20480K, 100% used [0x00000000eab00000,0x00000000ebf00000,0x00000000ebf00000)
  from space 5632K, 10% used [0x00000000ebf80000,0x00000000ec010000,0x00000000ec500000)
  to   space 2560K, 0% used [0x00000000ec600000,0x00000000ec600000,0x00000000ec880000)
 ParOldGen       total 68608K, used 43682K [0x00000000c0000000, 0x00000000c4300000, 0x00000000eab00000)
  object space 68608K, 63% used [0x00000000c0000000,0x00000000c2aa8a78,0x00000000c4300000)
 Metaspace       used 58179K, committed 59072K, reserved 1114112K
  class space    used 6829K, committed 7232K, reserved 1048576K
}
Event: 24.032 GC heap after
{Heap after GC invocations=28 (full 2):
 PSYoungGen      total 21504K, used 736K [0x00000000eab00000, 0x00000000ec700000, 0x0000000100000000)
  eden space 20480K, 0% used [0x00000000eab00000,0x00000000eab00000,0x00000000ebf00000)
  from space 1024K, 71% used [0x00000000ec600000,0x00000000ec6b8000,0x00000000ec700000)
  to   space 1024K, 0% used [0x00000000ec500000,0x00000000ec500000,0x00000000ec600000)
 ParOldGen       total 68608K, used 44186K [0x00000000c0000000, 0x00000000c4300000, 0x00000000eab00000)
  object space 68608K, 64% used [0x00000000c0000000,0x00000000c2b26a88,0x00000000c4300000)
 Metaspace       used 58179K, committed 59072K, reserved 1114112K
  class space    used 6829K, committed 7232K, reserved 1048576K
}

